[  0%] Built target octomap_msgs_generate_messages_py
[  0%] Built target octomap_msgs_generate_messages_nodejs
[  0%] Built target object_recognition_msgs_generate_messages_lisp
[  0%] Built target sensor_msgs_generate_messages_lisp
[  0%] Built target octomap_msgs_generate_messages_lisp
[  0%] Built target octomap_msgs_generate_messages_cpp
[  0%] Built target object_recognition_msgs_generate_messages_eus
[  0%] Built target object_recognition_msgs_generate_messages_cpp
[  0%] Built target object_recognition_msgs_generate_messages_nodejs
[  0%] Built target octomap_msgs_generate_messages_eus
[  0%] Built target trajectory_msgs_generate_messages_cpp
[  0%] Built target trajectory_msgs_generate_messages_nodejs
[  0%] Built target sensor_msgs_generate_messages_nodejs
[  0%] Built target _catkin_empty_exported_target
[  0%] Built target shape_msgs_generate_messages_cpp
[  0%] Built target actionlib_generate_messages_cpp
[  0%] Built target actionlib_msgs_generate_messages_py
[  0%] Built target roscpp_generate_messages_lisp
[  0%] Built target actionlib_msgs_generate_messages_cpp
[  0%] Built target rosgraph_msgs_generate_messages_nodejs
[  0%] Built target actionlib_generate_messages_lisp
[  0%] Built target object_recognition_msgs_generate_messages_py
[  0%] Built target actionlib_generate_messages_py
[  0%] Built target shape_msgs_generate_messages_lisp
[  0%] Built target geometry_msgs_generate_messages_cpp
[  0%] Built target moveit_msgs_generate_messages_py
[  0%] Built target visualization_msgs_generate_messages_eus
[  0%] Built target tf2_msgs_generate_messages_py
[  0%] Built target tf2_msgs_generate_messages_cpp
[  0%] Built target trajectory_msgs_generate_messages_lisp
[  0%] Built target geometry_msgs_generate_messages_eus
[  0%] Built target moveit_msgs_generate_messages_eus
[  0%] Built target std_msgs_generate_messages_nodejs
[  0%] Built target std_msgs_generate_messages_py
[  0%] Built target std_msgs_generate_messages_cpp
[  0%] Built target tf2_msgs_generate_messages_eus
[  0%] Built target geometry_msgs_generate_messages_py
[  0%] Built target sensor_msgs_generate_messages_py
[  0%] Built target rosgraph_msgs_generate_messages_lisp
[  0%] Built target actionlib_msgs_generate_messages_eus
[  0%] Built target roscpp_generate_messages_eus
[  0%] Built target tf2_msgs_generate_messages_lisp
[  0%] Built target shape_msgs_generate_messages_eus
[  0%] Built target visualization_msgs_generate_messages_lisp
[  0%] Built target geometry_msgs_generate_messages_nodejs
[  0%] Built target geometry_msgs_generate_messages_lisp
[  0%] Built target actionlib_msgs_generate_messages_lisp
[  0%] Built target std_msgs_generate_messages_lisp
[  0%] Built target actionlib_msgs_generate_messages_nodejs
[  0%] Built target std_msgs_generate_messages_eus
[  0%] Built target moveit_msgs_generate_messages_lisp
[  0%] Built target tf2_msgs_generate_messages_nodejs
[  0%] Built target actionlib_generate_messages_nodejs
[  0%] Built target roscpp_generate_messages_cpp
[  0%] Built target roscpp_generate_messages_nodejs
[  0%] Built target shape_msgs_generate_messages_nodejs
[  0%] Built target actionlib_generate_messages_eus
[  0%] Built target rosgraph_msgs_generate_messages_py
[  0%] Built target trajectory_msgs_generate_messages_py
[  0%] Built target roscpp_generate_messages_py
[  0%] Built target trajectory_msgs_generate_messages_eus
[  0%] Built target rosgraph_msgs_generate_messages_cpp
[  0%] Built target rosgraph_msgs_generate_messages_eus
[  0%] Built target shape_msgs_generate_messages_py
[  0%] Built target visualization_msgs_generate_messages_nodejs
[  0%] Built target visualization_msgs_generate_messages_py
[  0%] Built target moveit_msgs_generate_messages_cpp
[  0%] Built target visualization_msgs_generate_messages_cpp
[  0%] Built target moveit_msgs_generate_messages_nodejs
[  0%] Built target sensor_msgs_generate_messages_eus
[  0%] Built target sensor_msgs_generate_messages_cpp
[  1%] Built target moveit_exceptions
[  3%] Built target moveit_profiler
[  4%] [34m[1mGenerating /home/ivan/Desktop/ros_noetic_ws/devel/.private/moveit_core/include/moveit/version.h, always_rebuild[0m
[  6%] Built target gtest
[ 11%] Built target moveit_utils
--  *** Building MoveIt 1.1.14-devel ***
[ 12%] Built target moveit_background_processing
[ 14%] Built target moveit_kinematics_base
[ 16%] Built target moveit_python_tools
[ 17%] [34m[1mGenerating version.h[0m
[ 19%] Built target moveit_transforms
[ 22%] Built target moveit_distance_field
[ 22%] Built target version_h
[35m[1mScanning dependencies of target moveit_version[0m
[ 22%] [32mBuilding CXX object version/CMakeFiles/moveit_version.dir/version.cpp.o[0m
[ 32%] Built target moveit_robot_model
[ 33%] Built target moveit_test_utils
[ 37%] Built target moveit_robot_state
[ 40%] Built target moveit_robot_trajectory
[ 41%] Built target moveit_dynamics_solver
[ 43%] Built target robot_state_benchmark
[ 45%] Built target moveit_kinematics_metrics
[ 46%] Built target moveit_planning_interface
[ 56%] Built target moveit_collision_detection
[ 62%] Built target moveit_trajectory_processing
[ 67%] Built target moveit_collision_detection_bullet
[ 70%] Built target moveit_collision_detection_fcl
[ 74%] Built target moveit_kinematic_constraints
[ 77%] Built target moveit_planning_scene
[ 79%] Built target collision_detector_fcl_plugin
[ 80%] [32m[1mLinking CXX executable /home/ivan/Desktop/ros_noetic_ws/devel/.private/moveit_core/lib/moveit_core/moveit_version[0m
[ 87%] Built target pymoveit_core
[ 88%] Built target moveit_planning_request_adapter
[ 90%] Built target collision_detector_bullet_plugin
[ 96%] Built target moveit_constraint_samplers
[100%] Built target moveit_collision_distance_field
[100%] Built target moveit_version
